This is pdfTeX, Version 3.14159265-2.6-1.40.21 (MiKTeX 20.7) (preloaded format=latex 2023.2.3)  17 SEP 2023 06:29
entering extended mode
**./slide(ponto1).tex
(slide(ponto1).tex
LaTeX2e <2020-02-02> patch level 5
L3 programming layer <2020-08-07>
("C:\Program Files\MiKTeX 2.9\tex/latex/beamer\beamer.cls"
Document Class: beamer 2020/07/22 v3.59 A class for typesetting presentations
("C:\Program Files\MiKTeX 2.9\tex/latex/beamer\beamerbasemodes.sty"
("C:\Program Files\MiKTeX 2.9\tex/latex/etoolbox\etoolbox.sty"
Package: etoolbox 2020/07/15 v2.5i e-TeX tools for LaTeX (JAW)
\etb@tempcnta=\count168
)
\beamer@tempbox=\box45
\beamer@tempcount=\count169
\c@beamerpauses=\count170

("C:\Program Files\MiKTeX 2.9\tex/latex/beamer\beamerbasedecode.sty"
\beamer@slideinframe=\count171
\beamer@minimum=\count172
\beamer@decode@box=\box46
)
\beamer@commentbox=\box47
\beamer@modecount=\count173
)
("C:\Program Files\MiKTeX 2.9\tex/latex/iftex\ifpdf.sty"
Package: ifpdf 2019/10/25 v3.4 ifpdf legacy package. Use iftex instead.

("C:\Program Files\MiKTeX 2.9\tex/latex/iftex\iftex.sty"
Package: iftex 2019/11/07 v1.0c TeX engine tests
))
\headdp=\dimen134
\footheight=\dimen135
\sidebarheight=\dimen136
\beamer@tempdim=\dimen137
\beamer@finalheight=\dimen138
\beamer@animht=\dimen139
\beamer@animdp=\dimen140
\beamer@animwd=\dimen141
\beamer@leftmargin=\dimen142
\beamer@rightmargin=\dimen143
\beamer@leftsidebar=\dimen144
\beamer@rightsidebar=\dimen145
\beamer@boxsize=\dimen146
\beamer@vboxoffset=\dimen147
\beamer@descdefault=\dimen148
\beamer@descriptionwidth=\dimen149
\beamer@lastskip=\skip47
\beamer@areabox=\box48
\beamer@animcurrent=\box49
\beamer@animshowbox=\box50
\beamer@sectionbox=\box51
\beamer@logobox=\box52
\beamer@linebox=\box53
\beamer@sectioncount=\count174
\beamer@subsubsectionmax=\count175
\beamer@subsectionmax=\count176
\beamer@sectionmax=\count177
\beamer@totalheads=\count178
\beamer@headcounter=\count179
\beamer@partstartpage=\count180
\beamer@sectionstartpage=\count181
\beamer@subsectionstartpage=\count182
\beamer@animationtempa=\count183
\beamer@animationtempb=\count184
\beamer@xpos=\count185
\beamer@ypos=\count186
\beamer@ypos@offset=\count187
\beamer@showpartnumber=\count188
\beamer@currentsubsection=\count189
\beamer@coveringdepth=\count190
\beamer@sectionadjust=\count191
\beamer@tocsectionnumber=\count192

("C:\Program Files\MiKTeX 2.9\tex/latex/beamer\beamerbaseoptions.sty"
("C:\Program Files\MiKTeX 2.9\tex/latex/graphics\keyval.sty"
Package: keyval 2014/10/28 v1.15 key=value parser (DPC)
\KV@toks@=\toks15
))
\beamer@paperwidth=\skip48
\beamer@paperheight=\skip49

("C:\Program Files\MiKTeX 2.9\tex/latex/geometry\geometry.sty"
Package: geometry 2020/01/02 v5.9 Page Geometry

("C:\Program Files\MiKTeX 2.9\tex/latex/iftex\ifvtex.sty"
Package: ifvtex 2019/10/25 v1.7 ifvtex legacy package. Use iftex instead.
)
\Gm@cnth=\count193
\Gm@cntv=\count194
\c@Gm@tempcnt=\count195
\Gm@bindingoffset=\dimen150
\Gm@wd@mp=\dimen151
\Gm@odd@mp=\dimen152
\Gm@even@mp=\dimen153
\Gm@layoutwidth=\dimen154
\Gm@layoutheight=\dimen155
\Gm@layouthoffset=\dimen156
\Gm@layoutvoffset=\dimen157
\Gm@dimlist=\toks16

("C:\Program Files\MiKTeX 2.9\tex/latex/geometry\geometry.cfg"))
("C:\Program Files\MiKTeX 2.9\tex/latex/base\size11.clo"
File: size11.clo 2019/12/20 v1.4l Standard LaTeX file (size option)
)
("C:\Program Files\MiKTeX 2.9\tex/latex/pgf/basiclayer\pgfcore.sty"
("C:\Program Files\MiKTeX 2.9\tex/latex/graphics\graphicx.sty"
Package: graphicx 2019/11/30 v1.2a Enhanced LaTeX Graphics (DPC,SPQR)

("C:\Program Files\MiKTeX 2.9\tex/latex/graphics\graphics.sty"
Package: graphics 2019/11/30 v1.4a Standard LaTeX Graphics (DPC,SPQR)

("C:\Program Files\MiKTeX 2.9\tex/latex/graphics\trig.sty"
Package: trig 2016/01/03 v1.10 sin cos tan (DPC)
)
("C:\Program Files\MiKTeX 2.9\tex/latex/graphics-cfg\graphics.cfg"
File: graphics.cfg 2016/06/04 v1.11 sample graphics configuration
)
Package graphics Info: Driver file: dvips.def on input line 105.

("C:\Program Files\MiKTeX 2.9\tex/latex/graphics-def\dvips.def"
File: dvips.def 2017/06/20 v3.1d Graphics/color driver for dvips
))
\Gin@req@height=\dimen158
\Gin@req@width=\dimen159
)
("C:\Program Files\MiKTeX 2.9\tex/latex/pgf/systemlayer\pgfsys.sty"
("C:\Program Files\MiKTeX 2.9\tex/latex/pgf/utilities\pgfrcs.sty"
("C:\Program Files\MiKTeX 2.9\tex/generic/pgf/utilities\pgfutil-common.tex"
\pgfutil@everybye=\toks17
\pgfutil@tempdima=\dimen160
\pgfutil@tempdimb=\dimen161

("C:\Program Files\MiKTeX 2.9\tex/generic/pgf/utilities\pgfutil-common-lists.te
x")) ("C:\Program Files\MiKTeX 2.9\tex/generic/pgf/utilities\pgfutil-latex.def"
\pgfutil@abb=\box54
("C:\Program Files\MiKTeX 2.9\tex/latex/ms\everyshi.sty"
Package: everyshi 2001/05/15 v3.00 EveryShipout Package (MS)
))
("C:\Program Files\MiKTeX 2.9\tex/generic/pgf/utilities\pgfrcs.code.tex"
("C:\Program Files\MiKTeX 2.9\tex/generic/pgf\pgf.revision.tex")
Package: pgfrcs 2020/01/08 v3.1.5b (3.1.5b)
))
("C:\Program Files\MiKTeX 2.9\tex/generic/pgf/systemlayer\pgfsys.code.tex"
Package: pgfsys 2020/01/08 v3.1.5b (3.1.5b)

("C:\Program Files\MiKTeX 2.9\tex/generic/pgf/utilities\pgfkeys.code.tex"
\pgfkeys@pathtoks=\toks18
\pgfkeys@temptoks=\toks19

("C:\Program Files\MiKTeX 2.9\tex/generic/pgf/utilities\pgfkeysfiltered.code.te
x"
\pgfkeys@tmptoks=\toks20
))
\pgf@x=\dimen162
\pgf@y=\dimen163
\pgf@xa=\dimen164
\pgf@ya=\dimen165
\pgf@xb=\dimen166
\pgf@yb=\dimen167
\pgf@xc=\dimen168
\pgf@yc=\dimen169
\pgf@xd=\dimen170
\pgf@yd=\dimen171
\w@pgf@writea=\write3
\r@pgf@reada=\read2
\c@pgf@counta=\count196
\c@pgf@countb=\count197
\c@pgf@countc=\count198
\c@pgf@countd=\count199
\t@pgf@toka=\toks21
\t@pgf@tokb=\toks22
\t@pgf@tokc=\toks23
\pgf@sys@id@count=\count266
 ("C:\Program Files\MiKTeX 2.9\tex/generic/pgf/systemlayer\pgf.cfg"
File: pgf.cfg 2020/01/08 v3.1.5b (3.1.5b)
)
Driver file for pgf: pgfsys-dvips.def

("C:\Program Files\MiKTeX 2.9\tex/generic/pgf/systemlayer\pgfsys-dvips.def"
File: pgfsys-dvips.def 2020/01/08 v3.1.5b (3.1.5b)

("C:\Program Files\MiKTeX 2.9\tex/generic/pgf/systemlayer\pgfsys-common-postscr
ipt.def"
File: pgfsys-common-postscript.def 2020/01/08 v3.1.5b (3.1.5b)
\pgf@objectcount=\count267
)))
("C:\Program Files\MiKTeX 2.9\tex/generic/pgf/systemlayer\pgfsyssoftpath.code.t
ex"
File: pgfsyssoftpath.code.tex 2020/01/08 v3.1.5b (3.1.5b)
\pgfsyssoftpath@smallbuffer@items=\count268
\pgfsyssoftpath@bigbuffer@items=\count269
)
("C:\Program Files\MiKTeX 2.9\tex/generic/pgf/systemlayer\pgfsysprotocol.code.t
ex"
File: pgfsysprotocol.code.tex 2020/01/08 v3.1.5b (3.1.5b)
)) ("C:\Program Files\MiKTeX 2.9\tex/latex/xcolor\xcolor.sty"
Package: xcolor 2016/05/11 v2.12 LaTeX color extensions (UK)

("C:\Program Files\MiKTeX 2.9\tex/latex/graphics-cfg\color.cfg"
File: color.cfg 2016/01/02 v1.6 sample color configuration
)
Package xcolor Info: Driver file: dvips.def on input line 225.
Package xcolor Info: Model `cmy' substituted by `cmy0' on input line 1348.
Package xcolor Info: Model `RGB' extended on input line 1364.
Package xcolor Info: Model `HTML' substituted by `rgb' on input line 1366.
Package xcolor Info: Model `Hsb' substituted by `hsb' on input line 1367.
Package xcolor Info: Model `tHsb' substituted by `hsb' on input line 1368.
Package xcolor Info: Model `HSB' substituted by `hsb' on input line 1369.
Package xcolor Info: Model `Gray' substituted by `gray' on input line 1370.
Package xcolor Info: Model `wave' substituted by `hsb' on input line 1371.
)
("C:\Program Files\MiKTeX 2.9\tex/generic/pgf/basiclayer\pgfcore.code.tex"
Package: pgfcore 2020/01/08 v3.1.5b (3.1.5b)

("C:\Program Files\MiKTeX 2.9\tex/generic/pgf/math\pgfmath.code.tex"
("C:\Program Files\MiKTeX 2.9\tex/generic/pgf/math\pgfmathcalc.code.tex"
("C:\Program Files\MiKTeX 2.9\tex/generic/pgf/math\pgfmathutil.code.tex")
("C:\Program Files\MiKTeX 2.9\tex/generic/pgf/math\pgfmathparser.code.tex"
\pgfmath@dimen=\dimen172
\pgfmath@count=\count270
\pgfmath@box=\box55
\pgfmath@toks=\toks24
\pgfmath@stack@operand=\toks25
\pgfmath@stack@operation=\toks26
)
("C:\Program Files\MiKTeX 2.9\tex/generic/pgf/math\pgfmathfunctions.code.tex"
("C:\Program Files\MiKTeX 2.9\tex/generic/pgf/math\pgfmathfunctions.basic.code.
tex")
("C:\Program Files\MiKTeX 2.9\tex/generic/pgf/math\pgfmathfunctions.trigonometr
ic.code.tex")
("C:\Program Files\MiKTeX 2.9\tex/generic/pgf/math\pgfmathfunctions.random.code
.tex")
("C:\Program Files\MiKTeX 2.9\tex/generic/pgf/math\pgfmathfunctions.comparison.
code.tex")
("C:\Program Files\MiKTeX 2.9\tex/generic/pgf/math\pgfmathfunctions.base.code.t
ex")
("C:\Program Files\MiKTeX 2.9\tex/generic/pgf/math\pgfmathfunctions.round.code.
tex")
("C:\Program Files\MiKTeX 2.9\tex/generic/pgf/math\pgfmathfunctions.misc.code.t
ex")
("C:\Program Files\MiKTeX 2.9\tex/generic/pgf/math\pgfmathfunctions.integerarit
hmetics.code.tex")))
("C:\Program Files\MiKTeX 2.9\tex/generic/pgf/math\pgfmathfloat.code.tex"
\c@pgfmathroundto@lastzeros=\count271
))
("C:\Program Files\MiKTeX 2.9\tex/generic/pgf/math\pgfint.code.tex")
("C:\Program Files\MiKTeX 2.9\tex/generic/pgf/basiclayer\pgfcorepoints.code.tex
"
File: pgfcorepoints.code.tex 2020/01/08 v3.1.5b (3.1.5b)
\pgf@picminx=\dimen173
\pgf@picmaxx=\dimen174
\pgf@picminy=\dimen175
\pgf@picmaxy=\dimen176
\pgf@pathminx=\dimen177
\pgf@pathmaxx=\dimen178
\pgf@pathminy=\dimen179
\pgf@pathmaxy=\dimen180
\pgf@xx=\dimen181
\pgf@xy=\dimen182
\pgf@yx=\dimen183
\pgf@yy=\dimen184
\pgf@zx=\dimen185
\pgf@zy=\dimen186
)
("C:\Program Files\MiKTeX 2.9\tex/generic/pgf/basiclayer\pgfcorepathconstruct.c
ode.tex"
File: pgfcorepathconstruct.code.tex 2020/01/08 v3.1.5b (3.1.5b)
\pgf@path@lastx=\dimen187
\pgf@path@lasty=\dimen188
)
("C:\Program Files\MiKTeX 2.9\tex/generic/pgf/basiclayer\pgfcorepathusage.code.
tex"
File: pgfcorepathusage.code.tex 2020/01/08 v3.1.5b (3.1.5b)
\pgf@shorten@end@additional=\dimen189
\pgf@shorten@start@additional=\dimen190
)
("C:\Program Files\MiKTeX 2.9\tex/generic/pgf/basiclayer\pgfcorescopes.code.tex
"
File: pgfcorescopes.code.tex 2020/01/08 v3.1.5b (3.1.5b)
\pgfpic=\box56
\pgf@hbox=\box57
\pgf@layerbox@main=\box58
\pgf@picture@serial@count=\count272
)
("C:\Program Files\MiKTeX 2.9\tex/generic/pgf/basiclayer\pgfcoregraphicstate.co
de.tex"
File: pgfcoregraphicstate.code.tex 2020/01/08 v3.1.5b (3.1.5b)
\pgflinewidth=\dimen191
)
("C:\Program Files\MiKTeX 2.9\tex/generic/pgf/basiclayer\pgfcoretransformations
.code.tex"
File: pgfcoretransformations.code.tex 2020/01/08 v3.1.5b (3.1.5b)
\pgf@pt@x=\dimen192
\pgf@pt@y=\dimen193
\pgf@pt@temp=\dimen194
)
("C:\Program Files\MiKTeX 2.9\tex/generic/pgf/basiclayer\pgfcorequick.code.tex"
File: pgfcorequick.code.tex 2020/01/08 v3.1.5b (3.1.5b)
)
("C:\Program Files\MiKTeX 2.9\tex/generic/pgf/basiclayer\pgfcoreobjects.code.te
x"
File: pgfcoreobjects.code.tex 2020/01/08 v3.1.5b (3.1.5b)
)
("C:\Program Files\MiKTeX 2.9\tex/generic/pgf/basiclayer\pgfcorepathprocessing.
code.tex"
File: pgfcorepathprocessing.code.tex 2020/01/08 v3.1.5b (3.1.5b)
)
("C:\Program Files\MiKTeX 2.9\tex/generic/pgf/basiclayer\pgfcorearrows.code.tex
"
File: pgfcorearrows.code.tex 2020/01/08 v3.1.5b (3.1.5b)
\pgfarrowsep=\dimen195
)
("C:\Program Files\MiKTeX 2.9\tex/generic/pgf/basiclayer\pgfcoreshade.code.tex"
File: pgfcoreshade.code.tex 2020/01/08 v3.1.5b (3.1.5b)
\pgf@max=\dimen196
\pgf@sys@shading@range@num=\count273
\pgf@shadingcount=\count274
) ("C:\Program Files\MiKTeX 2.9\tex/generic/pgf/basiclayer\pgfcoreimage.code.te
x"
File: pgfcoreimage.code.tex 2020/01/08 v3.1.5b (3.1.5b)

("C:\Program Files\MiKTeX 2.9\tex/generic/pgf/basiclayer\pgfcoreexternal.code.t
ex"
File: pgfcoreexternal.code.tex 2020/01/08 v3.1.5b (3.1.5b)
\pgfexternal@startupbox=\box59
))
("C:\Program Files\MiKTeX 2.9\tex/generic/pgf/basiclayer\pgfcorelayers.code.tex
"
File: pgfcorelayers.code.tex 2020/01/08 v3.1.5b (3.1.5b)
)
("C:\Program Files\MiKTeX 2.9\tex/generic/pgf/basiclayer\pgfcoretransparency.co
de.tex"
File: pgfcoretransparency.code.tex 2020/01/08 v3.1.5b (3.1.5b)
)
("C:\Program Files\MiKTeX 2.9\tex/generic/pgf/basiclayer\pgfcorepatterns.code.t
ex"
File: pgfcorepatterns.code.tex 2020/01/08 v3.1.5b (3.1.5b)
)
("C:\Program Files\MiKTeX 2.9\tex/generic/pgf/basiclayer\pgfcorerdf.code.tex"
File: pgfcorerdf.code.tex 2020/01/08 v3.1.5b (3.1.5b)
))) ("C:\Program Files\MiKTeX 2.9\tex/latex/pgf/utilities\xxcolor.sty"
Package: xxcolor 2003/10/24 ver 0.1
\XC@nummixins=\count275
\XC@countmixins=\count276
)
("C:\Program Files\MiKTeX 2.9\tex/generic/atbegshi\atbegshi.sty"
Package: atbegshi 2019/12/05 v1.19 At begin shipout hook (HO)

("C:\Program Files\MiKTeX 2.9\tex/generic/infwarerr\infwarerr.sty"
Package: infwarerr 2019/12/03 v1.5 Providing info/warning/error messages (HO)
)
("C:\Program Files\MiKTeX 2.9\tex/generic/ltxcmds\ltxcmds.sty"
Package: ltxcmds 2019/12/15 v1.24 LaTeX kernel commands for general use (HO)
))
("C:\Program Files\MiKTeX 2.9\tex/latex/hyperref\hyperref.sty"
Package: hyperref 2020-05-15 v7.00e Hypertext links for LaTeX

("C:\Program Files\MiKTeX 2.9\tex/generic/pdftexcmds\pdftexcmds.sty"
Package: pdftexcmds 2020-06-27 v0.33 Utility functions of pdfTeX for LuaTeX (HO
)
Package pdftexcmds Info: \pdf@primitive is available.
Package pdftexcmds Info: \pdf@ifprimitive is available.
Package pdftexcmds Info: \pdfdraftmode is ignored in DVI mode.
)
("C:\Program Files\MiKTeX 2.9\tex/generic/kvsetkeys\kvsetkeys.sty"
Package: kvsetkeys 2019/12/15 v1.18 Key value parser (HO)
)
("C:\Program Files\MiKTeX 2.9\tex/generic/kvdefinekeys\kvdefinekeys.sty"
Package: kvdefinekeys 2019-12-19 v1.6 Define keys (HO)
)
("C:\Program Files\MiKTeX 2.9\tex/generic/pdfescape\pdfescape.sty"
Package: pdfescape 2019/12/09 v1.15 Implements pdfTeX's escape features (HO)
)
("C:\Program Files\MiKTeX 2.9\tex/latex/hycolor\hycolor.sty"
Package: hycolor 2020-01-27 v1.10 Color options for hyperref/bookmark (HO)
)
("C:\Program Files\MiKTeX 2.9\tex/latex/letltxmacro\letltxmacro.sty"
Package: letltxmacro 2019/12/03 v1.6 Let assignment for LaTeX macros (HO)
)
("C:\Program Files\MiKTeX 2.9\tex/latex/auxhook\auxhook.sty"
Package: auxhook 2019-12-17 v1.6 Hooks for auxiliary files (HO)
)
("C:\Program Files\MiKTeX 2.9\tex/latex/kvoptions\kvoptions.sty"
Package: kvoptions 2019/11/29 v3.13 Key value format for package options (HO)
)
\@linkdim=\dimen197
\Hy@linkcounter=\count277
\Hy@pagecounter=\count278

("C:\Program Files\MiKTeX 2.9\tex/latex/hyperref\pd1enc.def"
File: pd1enc.def 2020-05-15 v7.00e Hyperref: PDFDocEncoding definition (HO)
Now handling font encoding PD1 ...
... no UTF-8 mapping file for font encoding PD1
)
("C:\Program Files\MiKTeX 2.9\tex/generic/intcalc\intcalc.sty"
Package: intcalc 2019/12/15 v1.3 Expandable calculations with integers (HO)
)
("C:\Program Files\MiKTeX 2.9\tex/generic/etexcmds\etexcmds.sty"
Package: etexcmds 2019/12/15 v1.7 Avoid name clashes with e-TeX commands (HO)
)
\Hy@SavedSpaceFactor=\count279
Package hyperref Info: Option `bookmarks' set `true' on input line 4338.
Package hyperref Info: Option `bookmarksopen' set `true' on input line 4338.
Package hyperref Info: Option `implicit' set `false' on input line 4338.
Package hyperref Info: Hyper figures OFF on input line 4464.
Package hyperref Info: Link nesting OFF on input line 4469.
Package hyperref Info: Hyper index ON on input line 4472.
Package hyperref Info: Plain pages OFF on input line 4479.
Package hyperref Info: Backreferencing OFF on input line 4484.
Package hyperref Info: Implicit mode OFF; no redefinition of LaTeX internals.
Package hyperref Info: Bookmarks ON on input line 4717.
\c@Hy@tempcnt=\count280

("C:\Program Files\MiKTeX 2.9\tex/latex/url\url.sty"
\Urlmuskip=\muskip16
Package: url 2013/09/16  ver 3.4  Verb mode for urls, etc.
)
LaTeX Info: Redefining \url on input line 5076.
\XeTeXLinkMargin=\dimen198

("C:\Program Files\MiKTeX 2.9\tex/generic/bitset\bitset.sty"
Package: bitset 2019/12/09 v1.3 Handle bit-vector datatype (HO)

("C:\Program Files\MiKTeX 2.9\tex/generic/bigintcalc\bigintcalc.sty"
Package: bigintcalc 2019/12/15 v1.5 Expandable calculations on big integers (HO
)
))
\Fld@menulength=\count281
\Field@Width=\dimen199
\Fld@charsize=\dimen256
Package hyperref Info: Hyper figures OFF on input line 6347.
Package hyperref Info: Link nesting OFF on input line 6352.
Package hyperref Info: Hyper index ON on input line 6355.
Package hyperref Info: backreferencing OFF on input line 6362.
Package hyperref Info: Link coloring OFF on input line 6367.
Package hyperref Info: Link coloring with OCG OFF on input line 6372.
Package hyperref Info: PDF/A mode OFF on input line 6377.
LaTeX Info: Redefining \ref on input line 6417.
LaTeX Info: Redefining \pageref on input line 6421.
\Hy@abspage=\count282


Package hyperref Message: Stopped early.

)
Package hyperref Info: Driver (default): hdvips.
 ("C:\Program Files\MiKTeX 2.9\tex/latex/hyperref\hdvips.def"
File: hdvips.def 2020-05-15 v7.00e Hyperref driver for dvips

("C:\Program Files\MiKTeX 2.9\tex/latex/hyperref\pdfmark.def"
File: pdfmark.def 2020-05-15 v7.00e Hyperref definitions for pdfmark specials
\pdf@docset=\toks27
\pdf@box=\box60
\pdf@toks=\toks28
\pdf@defaulttoks=\toks29
\HyField@AnnotCount=\count283
\Fld@listcount=\count284
\c@bookmark@seq@number=\count285

("C:\Program Files\MiKTeX 2.9\tex/latex/rerunfilecheck\rerunfilecheck.sty"
Package: rerunfilecheck 2019/12/05 v1.9 Rerun checks for auxiliary files (HO)

("C:\Program Files\MiKTeX 2.9\tex/latex/atveryend\atveryend.sty"
Package: atveryend 2019-12-11 v1.11 Hooks at the very end of document (HO)
)
("C:\Program Files\MiKTeX 2.9\tex/generic/uniquecounter\uniquecounter.sty"
Package: uniquecounter 2019/12/15 v1.4 Provide unlimited unique counter (HO)
)
Package uniquecounter Info: New unique counter `rerunfilecheck' on input line 2
86.
)))
("C:\Program Files\MiKTeX 2.9\tex/latex/beamer\beamerbaserequires.sty"
("C:\Program Files\MiKTeX 2.9\tex/latex/beamer\beamerbasecompatibility.sty")
("C:\Program Files\MiKTeX 2.9\tex/latex/beamer\beamerbasefont.sty"
("C:\Program Files\MiKTeX 2.9\tex/latex/amsfonts\amssymb.sty"
Package: amssymb 2013/01/14 v3.01 AMS font symbols

("C:\Program Files\MiKTeX 2.9\tex/latex/amsfonts\amsfonts.sty"
Package: amsfonts 2013/01/14 v3.01 Basic AMSFonts support
\@emptytoks=\toks30
\symAMSa=\mathgroup4
\symAMSb=\mathgroup5
LaTeX Font Info:    Redeclaring math symbol \hbar on input line 98.
LaTeX Font Info:    Overwriting math alphabet `\mathfrak' in version `bold'
(Font)                  U/euf/m/n --> U/euf/b/n on input line 106.
))
("C:\Program Files\MiKTeX 2.9\tex/latex/sansmathaccent\sansmathaccent.sty"
Package: sansmathaccent 2020/01/31

("C:\Program Files\MiKTeX 2.9\tex/latex/koma-script\scrlfile.sty"
Package: scrlfile 2020/07/22 v3.31 KOMA-Script package (loading files)
)))
("C:\Program Files\MiKTeX 2.9\tex/latex/beamer\beamerbasetranslator.sty"
("C:\Program Files\MiKTeX 2.9\tex/latex/translator\translator.sty"
Package: translator 2020-08-03 v1.12c Easy translation of strings in LaTeX
))
("C:\Program Files\MiKTeX 2.9\tex/latex/beamer\beamerbasemisc.sty")
("C:\Program Files\MiKTeX 2.9\tex/latex/beamer\beamerbasetwoscreens.sty")
("C:\Program Files\MiKTeX 2.9\tex/latex/beamer\beamerbaseoverlay.sty"
\beamer@argscount=\count286
\beamer@lastskipcover=\skip50
\beamer@trivlistdepth=\count287
)
("C:\Program Files\MiKTeX 2.9\tex/latex/beamer\beamerbasetitle.sty")
("C:\Program Files\MiKTeX 2.9\tex/latex/beamer\beamerbasesection.sty"
\c@lecture=\count288
\c@part=\count289
\c@section=\count290
\c@subsection=\count291
\c@subsubsection=\count292
)
("C:\Program Files\MiKTeX 2.9\tex/latex/beamer\beamerbaseframe.sty"
\beamer@framebox=\box61
\beamer@frametitlebox=\box62
\beamer@zoombox=\box63
\beamer@zoomcount=\count293
\beamer@zoomframecount=\count294
\beamer@frametextheight=\dimen257
\c@subsectionslide=\count295
\beamer@frametopskip=\skip51
\beamer@framebottomskip=\skip52
\beamer@frametopskipautobreak=\skip53
\beamer@framebottomskipautobreak=\skip54
\beamer@envbody=\toks31
\framewidth=\dimen258
\c@framenumber=\count296
)
("C:\Program Files\MiKTeX 2.9\tex/latex/beamer\beamerbaseverbatim.sty"
\beamer@verbatimfileout=\write4
)
("C:\Program Files\MiKTeX 2.9\tex/latex/beamer\beamerbaseframesize.sty"
\beamer@splitbox=\box64
\beamer@autobreakcount=\count297
\beamer@autobreaklastheight=\dimen259
\beamer@frametitletoks=\toks32
\beamer@framesubtitletoks=\toks33
)
("C:\Program Files\MiKTeX 2.9\tex/latex/beamer\beamerbaseframecomponents.sty"
\beamer@footins=\box65
)
("C:\Program Files\MiKTeX 2.9\tex/latex/beamer\beamerbasecolor.sty")
("C:\Program Files\MiKTeX 2.9\tex/latex/beamer\beamerbasenotes.sty"
\beamer@frameboxcopy=\box66
)
("C:\Program Files\MiKTeX 2.9\tex/latex/beamer\beamerbasetoc.sty")
("C:\Program Files\MiKTeX 2.9\tex/latex/beamer\beamerbasetemplates.sty"
\beamer@sbttoks=\toks34

("C:\Program Files\MiKTeX 2.9\tex/latex/beamer\beamerbaseauxtemplates.sty"
("C:\Program Files\MiKTeX 2.9\tex/latex/beamer\beamerbaseboxes.sty"
\bmb@box=\box67
\bmb@colorbox=\box68
\bmb@boxshadow=\box69
\bmb@boxshadowball=\box70
\bmb@boxshadowballlarge=\box71
\bmb@temp=\dimen260
\bmb@dima=\dimen261
\bmb@dimb=\dimen262
\bmb@prevheight=\dimen263
)
\beamer@blockheadheight=\dimen264
))
("C:\Program Files\MiKTeX 2.9\tex/latex/beamer\beamerbaselocalstructure.sty"
("C:\Program Files\MiKTeX 2.9\tex/latex/tools\enumerate.sty"
Package: enumerate 2015/07/23 v3.00 enumerate extensions (DPC)
\@enLab=\toks35
)
\c@figure=\count298
\c@table=\count299
\abovecaptionskip=\skip55
\belowcaptionskip=\skip56
)
("C:\Program Files\MiKTeX 2.9\tex/latex/beamer\beamerbasenavigation.sty"
\beamer@section@min@dim=\dimen265
)
("C:\Program Files\MiKTeX 2.9\tex/latex/beamer\beamerbasetheorems.sty"
("C:\Program Files\MiKTeX 2.9\tex/latex/amsmath\amsmath.sty"
Package: amsmath 2020/01/20 v2.17e AMS math features
\@mathmargin=\skip57

For additional information on amsmath, use the `?' option.
("C:\Program Files\MiKTeX 2.9\tex/latex/amsmath\amstext.sty"
Package: amstext 2000/06/29 v2.01 AMS text

("C:\Program Files\MiKTeX 2.9\tex/latex/amsmath\amsgen.sty"
File: amsgen.sty 1999/11/30 v2.0 generic functions
\@emptytoks=\toks36
\ex@=\dimen266
))
("C:\Program Files\MiKTeX 2.9\tex/latex/amsmath\amsbsy.sty"
Package: amsbsy 1999/11/29 v1.2d Bold Symbols
\pmbraise@=\dimen267
)
("C:\Program Files\MiKTeX 2.9\tex/latex/amsmath\amsopn.sty"
Package: amsopn 2016/03/08 v2.02 operator names
)
\inf@bad=\count300
LaTeX Info: Redefining \frac on input line 227.
\uproot@=\count301
\leftroot@=\count302
LaTeX Info: Redefining \overline on input line 389.
\classnum@=\count303
\DOTSCASE@=\count304
LaTeX Info: Redefining \ldots on input line 486.
LaTeX Info: Redefining \dots on input line 489.
LaTeX Info: Redefining \cdots on input line 610.
\Mathstrutbox@=\box72
\strutbox@=\box73
\big@size=\dimen268
LaTeX Font Info:    Redeclaring font encoding OML on input line 733.
LaTeX Font Info:    Redeclaring font encoding OMS on input line 734.
\macc@depth=\count305
\c@MaxMatrixCols=\count306
\dotsspace@=\muskip17
\c@parentequation=\count307
\dspbrk@lvl=\count308
\tag@help=\toks37
\row@=\count309
\column@=\count310
\maxfields@=\count311
\andhelp@=\toks38
\eqnshift@=\dimen269
\alignsep@=\dimen270
\tagshift@=\dimen271
\tagwidth@=\dimen272
\totwidth@=\dimen273
\lineht@=\dimen274
\@envbody=\toks39
\multlinegap=\skip58
\multlinetaggap=\skip59
\mathdisplay@stack=\toks40
LaTeX Info: Redefining \[ on input line 2859.
LaTeX Info: Redefining \] on input line 2860.
)
("C:\Program Files\MiKTeX 2.9\tex/latex/amscls\amsthm.sty"
Package: amsthm 2020/05/29 v2.20.6
\thm@style=\toks41
\thm@bodyfont=\toks42
\thm@headfont=\toks43
\thm@notefont=\toks44
\thm@headpunct=\toks45
\thm@preskip=\skip60
\thm@postskip=\skip61
\thm@headsep=\skip62
\dth@everypar=\toks46
)
\c@theorem=\count312
)
("C:\Program Files\MiKTeX 2.9\tex/latex/beamer\beamerbasethemes.sty"))
("C:\Program Files\MiKTeX 2.9\tex/latex/beamer\beamerthemedefault.sty"
("C:\Program Files\MiKTeX 2.9\tex/latex/beamer\beamerfontthemedefault.sty")
("C:\Program Files\MiKTeX 2.9\tex/latex/beamer\beamercolorthemedefault.sty")
("C:\Program Files\MiKTeX 2.9\tex/latex/beamer\beamerinnerthemedefault.sty"
\beamer@dima=\dimen275
\beamer@dimb=\dimen276
)
("C:\Program Files\MiKTeX 2.9\tex/latex/beamer\beamerouterthemedefault.sty")))
("C:\Program Files\MiKTeX 2.9\tex/latex/beamer\beamerthemeAntibes.sty"
("C:\Program Files\MiKTeX 2.9\tex/latex/beamer\beamerouterthemetree.sty")
("C:\Program Files\MiKTeX 2.9\tex/latex/beamer\beamercolorthemewhale.sty")
("C:\Program Files\MiKTeX 2.9\tex/latex/beamer\beamercolorthemeorchid.sty")
("C:\Program Files\MiKTeX 2.9\tex/latex/beamer\beamerinnerthemerectangles.sty")
) ("C:\Program Files\MiKTeX 2.9\tex/generic/babel\babel.sty"
Package: babel 2020/07/13 3.47 The Babel package

("C:\Program Files\MiKTeX 2.9\tex/generic/babel\babel.def"
File: babel.def 2020/07/13 3.47 Babel common definitions
\babel@savecnt=\count313
\U@D=\dimen277
\l@babelnohyphens=\language84

("C:\Program Files\MiKTeX 2.9\tex/generic/babel\txtbabel.def")
\bbl@readstream=\read3
)
LaTeX Info: Redefining \textlatin on input line 682.
\bbl@dirlevel=\count314

*************************************
* Local config file bblopts.cfg used
*
("C:\Program Files\MiKTeX 2.9\tex/latex/arabi\bblopts.cfg"
File: bblopts.cfg 2005/09/08 v0.1 add Arabic and Farsi to "declared" options of
 babel
)
("C:\Program Files\MiKTeX 2.9\tex/latex/babel-portuges\brazil.ldf"
Language: portuges 2020/05/04 v1.2r Portuguese support from the babel system
Package babel Info: \l@brazil = using hyphenrules for portuguese
(babel)             (\language61) on input line 111.
Package babel Info: Making " an active character on input line 143.
))
("C:\Program Files\MiKTeX 2.9\tex/latex/base\fontenc.sty"
Package: fontenc 2020/02/11 v2.0o Standard LaTeX package
)
("C:\Program Files\MiKTeX 2.9\tex/latex/base\inputenc.sty"
Package: inputenc 2018/08/11 v1.3c Input encoding file
\inpenc@prehook=\toks47
\inpenc@posthook=\toks48
)
("C:\Program Files\MiKTeX 2.9\tex/latex/amsmath\amsxtra.sty"
Package: amsxtra 1999/11/15 v1.2c AMS extra commands
LaTeX Info: Redefining \nobreakspace on input line 54.
)
("C:\Program Files\MiKTeX 2.9\tex/latex/mathtools\empheq.sty"
Package: empheq 2017/03/31 v2.15 Emphasizing equations

("C:\Program Files\MiKTeX 2.9\tex/latex/mathtools\mhsetup.sty"
Package: mhsetup 2017/03/31 v1.3 programming setup (MH)
)
("C:\Program Files\MiKTeX 2.9\tex/latex/mathtools\mathtools.sty"
Package: mathtools 2020/03/24 v1.24 mathematical typesetting tools

("C:\Program Files\MiKTeX 2.9\tex/latex/tools\calc.sty"
Package: calc 2017/05/25 v4.3 Infix arithmetic (KKT,FJ)
\calc@Acount=\count315
\calc@Bcount=\count316
\calc@Adimen=\dimen278
\calc@Bdimen=\dimen279
\calc@Askip=\skip63
\calc@Bskip=\skip64
LaTeX Info: Redefining \setlength on input line 80.
LaTeX Info: Redefining \addtolength on input line 81.
\calc@Ccount=\count317
\calc@Cskip=\skip65
)
LaTeX Info: Thecontrolsequence`\('isalreadyrobust on input line 130.
LaTeX Info: Thecontrolsequence`\)'isalreadyrobust on input line 130.
LaTeX Info: Thecontrolsequence`\['isalreadyrobust on input line 130.
LaTeX Info: Thecontrolsequence`\]'isalreadyrobust on input line 130.
\g_MT_multlinerow_int=\count318
\l_MT_multwidth_dim=\dimen280
\origjot=\skip66
\l_MT_shortvdotswithinadjustabove_dim=\dimen281
\l_MT_shortvdotswithinadjustbelow_dim=\dimen282
\l_MT_above_intertext_sep=\dimen283
\l_MT_below_intertext_sep=\dimen284
\l_MT_above_shortintertext_sep=\dimen285
\l_MT_below_shortintertext_sep=\dimen286
\xmathstrut@box=\box74
\xmathstrut@dim=\dimen287
)
\l_EQ_equationtype_int=\count319
\l_EQ_alignmentmode_int=\count320
\l_EQ_totalwidth_dim=\dimen288
\l_EQ_displaywidth_dim=\dimen289
\l_EQ_temp_linewidth_dim=\dimen290
\l_EQ_linewidth_dim=\dimen291
\EmphEqdelimitershortfall=\dimen292
\EmphEqdelimiterfactor=\count321
\g_EQ_toptag_height_dim=\dimen293
\g_EQ_bottomtag_depth_dim=\dimen294
\g_EQ_toprow_height_dim=\dimen295
\g_EQ_bottomrow_depth_dim=\dimen296
\g_EQ_widesttag_dim=\dimen297
\EQ_mathdisplay_box=\box75
\EQ_tag_box=\box76
\g_EQ_temprow_int=\count322
)
\sympureletters=\mathgroup6
LaTeX Font Info:    Overwriting symbol font `pureletters' in version `bold'
(Font)                  OT1/mathkerncmss/m/sl --> OT1/mathkerncmss/bx/sl on inp
ut line 79.

("C:\Program Files\MiKTeX 2.9\tex/latex/tools\bm.sty"
Package: bm 2019/07/24 v1.2d Bold Symbol Support (DPC/FMi)
\symboldoperators=\mathgroup7
\symboldletters=\mathgroup8
\symboldsymbols=\mathgroup9
\symboldpureletters=\mathgroup10
LaTeX Font Info:    Redeclaring math alphabet \mathbf on input line 141.
LaTeX Info: Redefining \bm on input line 209.
)
("C:\Program Files\MiKTeX 2.9\tex/latex/base\latexsym.sty"
Package: latexsym 1998/08/17 v2.2e Standard LaTeX package (lasy symbols)
\symlasy=\mathgroup11
LaTeX Font Info:    Overwriting symbol font `lasy' in version `bold'
(Font)                  U/lasy/m/n --> U/lasy/b/n on input line 52.
)
("C:\Program Files\MiKTeX 2.9\tex/latex/tools\verbatim.sty"
Package: verbatim 2019/11/10 v1.5r LaTeX2e package for verbatim enhancements
\every@verbatim=\toks49
\verbatim@line=\toks50
\verbatim@in@stream=\read4
)
("C:\Program Files\MiKTeX 2.9\tex/latex/beamer\beamerfontthemeserif.sty")
("C:\Program Files\MiKTeX 2.9\tex/latex/animate\animate.sty"
Package: animate 2020/08/04 PDF & SVG animations from files and inline graphics


("C:\Program Files\MiKTeX 2.9\tex/latex/xkeyval\xkeyval.sty"
Package: xkeyval 2014/12/03 v2.7a package option processing (HA)

("C:\Program Files\MiKTeX 2.9\tex/generic/xkeyval\xkeyval.tex"
("C:\Program Files\MiKTeX 2.9\tex/generic/xkeyval\xkvutils.tex"
\XKV@toks=\toks51
\XKV@tempa@toks=\toks52
)
\XKV@depth=\count323
File: xkeyval.tex 2014/12/03 v2.7a key=value parser (HA)
))
("C:\Program Files\MiKTeX 2.9\tex/latex/base\ifthen.sty"
Package: ifthen 2014/09/29 v1.1c Standard LaTeX ifthen package (DPC)
)
("C:\Program Files\MiKTeX 2.9\tex/latex/oberdiek\ifdraft.sty"
Package: ifdraft 2016/05/16 v1.4 Detect class options draft and final (HO)
)
("C:\Program Files\MiKTeX 2.9\tex/latex/zref\zref-abspage.sty"
Package: zref-abspage 2020-05-28 v2.31 Module abspage for zref (HO)

("C:\Program Files\MiKTeX 2.9\tex/latex/zref\zref-base.sty"
Package: zref-base 2020-05-28 v2.31 Module base for zref (HO)
Package zref Info: New property list: main on input line 763.
Package zref Info: New property: default on input line 764.
Package zref Info: New property: page on input line 765.
)
\c@abspage=\count324
Package zref Info: New property: abspage on input line 66.
)
("C:\Program Files\MiKTeX 2.9\tex/latex/media9\pdfbase.sty"
("C:\Program Files\MiKTeX 2.9\tex/latex/l3kernel\expl3.sty"
Package: expl3 2020-08-07 L3 programming layer (loader) 

(C:\Users\MABENLA\AppData\Roaming\MiKTeX\2.9\tex/latex/l3backend\l3backend-dvip
s.def
File: l3backend-dvips.def 2019-04-06 L3 Experimental backend support: dvips
\l__pdf_internal_box=\box77
\g__pdf_backend_object_int=\count325
\l__pdf_backend_content_box=\box78
\l__pdf_backend_model_box=\box79
\g__pdf_backend_annotation_int=\count326
\g__pdf_backend_link_int=\count327
\g__pdf_backend_link_sf_int=\count328
)) ("C:\Program Files\MiKTeX 2.9\tex/latex/l3packages/l3keys2e\l3keys2e.sty"
Package: l3keys2e 2020-05-15 LaTeX2e option processing using LaTeX3 keys
)
Package: pdfbase 2020/07/08 v0.43 driver independent access to low-level PDF fe
atures
\g_pbs_page_int=\count329
\g_pbs_obj_int=\count330
) ("C:\Program Files\MiKTeX 2.9\tex/latex/ocgx2\ocgbase.sty"
Package: ocgbase 2019/11/04 v0.17 support package for ocgx2.sty
\g_ocgbase_nd_int=\count331
)
\@anim@box=\box80
\@anim@measbox=\box81
\@anim@tmpdima=\dimen298
\@anim@tmpdimb=\dimen299
\@anim@num=\count332
\@anim@curframe=\count333
\@anim@curframe@zb=\count334
\@anim@resizeflags=\count335
\@anim@skipfram=\count336
\@anim@mulframecnt=\count337
\@anim@@tmlnfile=\read5
\@anim@tmpcnt=\count338
\c@@anim@ltxcnt=\count339
\@anim@curlayer=\count340
\@anim@lineno=\count341
\@anim@curfield=\count342
\@anim@@resizeflags=\count343
)
("C:\Program Files\MiKTeX 2.9\tex/latex/filecontents\filecontents.sty"
Package: filecontents 2019/09/20 v1.5 Create an external file from within a LaT
eX document


Package filecontents Warning: This package is obsolete. Disabling it and
(filecontents)                passing control to the filecontents environment
(filecontents)                defined by the LaTeX kernel.

)

LaTeX Warning: File `smallsizepause.txt' already exists on the system.
               Not generating it from this source.

\c@exem=\count344
\c@teo=\count345
\c@mot=\count346
\c@defi=\count347
(slide(ponto1).aux)
\openout1 = `slide(ponto1).aux'.

LaTeX Font Info:    Checking defaults for OML/cmm/m/it on input line 125.
LaTeX Font Info:    ... okay on input line 125.
LaTeX Font Info:    Checking defaults for OMS/cmsy/m/n on input line 125.
LaTeX Font Info:    ... okay on input line 125.
LaTeX Font Info:    Checking defaults for OT1/cmr/m/n on input line 125.
LaTeX Font Info:    ... okay on input line 125.
LaTeX Font Info:    Checking defaults for T1/cmr/m/n on input line 125.
LaTeX Font Info:    ... okay on input line 125.
LaTeX Font Info:    Checking defaults for TS1/cmr/m/n on input line 125.
LaTeX Font Info:    ... okay on input line 125.
LaTeX Font Info:    Checking defaults for OMX/cmex/m/n on input line 125.
LaTeX Font Info:    ... okay on input line 125.
LaTeX Font Info:    Checking defaults for U/cmr/m/n on input line 125.
LaTeX Font Info:    ... okay on input line 125.
LaTeX Font Info:    Checking defaults for PD1/pdf/m/n on input line 125.
LaTeX Font Info:    ... okay on input line 125.

*geometry* driver: auto-detecting
*geometry* detected driver: dvips
*geometry* verbose mode - [ preamble ] result:
* driver: dvips
* paper: custom
* layout: <same size as paper>
* layoutoffset:(h,v)=(0.0pt,0.0pt)
* modes: includehead includefoot 
* h-part:(L,W,R)=(28.45274pt, 307.28987pt, 28.45274pt)
* v-part:(T,H,B)=(0.0pt, 273.14662pt, 0.0pt)
* \paperwidth=364.19536pt
* \paperheight=273.14662pt
* \textwidth=307.28987pt
* \textheight=244.6939pt
* \oddsidemargin=-43.81725pt
* \evensidemargin=-43.81725pt
* \topmargin=-72.26999pt
* \headheight=14.22636pt
* \headsep=0.0pt
* \topskip=11.0pt
* \footskip=14.22636pt
* \marginparwidth=4.0pt
* \marginparsep=10.0pt
* \columnsep=10.0pt
* \skip\footins=10.0pt plus 4.0pt minus 2.0pt
* \hoffset=0.0pt
* \voffset=0.0pt
* \mag=1000
* \@twocolumnfalse
* \@twosidefalse
* \@mparswitchfalse
* \@reversemarginfalse
* (1in=72.27pt=25.4mm, 1cm=28.453pt)

ABD: EveryShipout initializing macros
\AtBeginShipoutBox=\box82
Package hyperref Info: Link coloring OFF on input line 125.

("C:\Program Files\MiKTeX 2.9\tex/latex/hyperref\nameref.sty"
Package: nameref 2019/09/16 v2.46 Cross-referencing by name of section

("C:\Program Files\MiKTeX 2.9\tex/latex/refcount\refcount.sty"
Package: refcount 2019/12/15 v3.6 Data extraction from label references (HO)
)
("C:\Program Files\MiKTeX 2.9\tex/generic/gettitlestring\gettitlestring.sty"
Package: gettitlestring 2019/12/15 v1.6 Cleanup title references (HO)
)
\c@section@level=\count348
)
LaTeX Info: Redefining \ref on input line 125.
LaTeX Info: Redefining \pageref on input line 125.
LaTeX Info: Redefining \nameref on input line 125.

(slide(ponto1).out) (slide(ponto1).out)
\@outlinefile=\write5
\openout5 = `slide(ponto1).out'.



Package hyperref Warning: Rerun to get /PageLabels entry.


("C:\Program Files\MiKTeX 2.9\tex/latex/translator\translator-basic-dictionary-
English.dict"
Dictionary: translator-basic-dictionary, Language: English 
)
("C:\Program Files\MiKTeX 2.9\tex/latex/translator\translator-bibliography-dict
ionary-English.dict"
Dictionary: translator-bibliography-dictionary, Language: English 
)
("C:\Program Files\MiKTeX 2.9\tex/latex/translator\translator-environment-dicti
onary-English.dict"
Dictionary: translator-environment-dictionary, Language: English 
)
("C:\Program Files\MiKTeX 2.9\tex/latex/translator\translator-months-dictionary
-English.dict"
Dictionary: translator-months-dictionary, Language: English 
)
("C:\Program Files\MiKTeX 2.9\tex/latex/translator\translator-numbers-dictionar
y-English.dict"
Dictionary: translator-numbers-dictionary, Language: English 
)
("C:\Program Files\MiKTeX 2.9\tex/latex/translator\translator-theorem-dictionar
y-English.dict"
Dictionary: translator-theorem-dictionary, Language: English 
) (slide(ponto1).nav
! Undefined control sequence.
l.1 \beamer@endinputifotherversion
                                   {3.36pt}
? r
OK, entering \nonstopmode...
)
Underfull \vbox (badness 10000) has occurred while \output is active []

 [1

]
[2]
File: ranvar.eps Graphic file (type eps)
 <ranvar.eps>
Overfull \hbox (18.82628pt too wide) in paragraph at lines 149--149
 [][] 
 []

[3

]
LaTeX Font Info:    Trying to load font information for U+msa on input line 161
.
 ("C:\Program Files\MiKTeX 2.9\tex/latex/amsfonts\umsa.fd"
File: umsa.fd 2013/01/14 v3.01 AMS symbols A
)
LaTeX Font Info:    Trying to load font information for U+msb on input line 161
.

("C:\Program Files\MiKTeX 2.9\tex/latex/amsfonts\umsb.fd"
File: umsb.fd 2013/01/14 v3.01 AMS symbols B
)
LaTeX Font Info:    Trying to load font information for OT1+mathkerncmss on inp
ut line 161.

("C:\Program Files\MiKTeX 2.9\tex/latex/sansmathaccent\ot1mathkerncmss.fd"
File: ot1mathkerncmss.fd 2020/01/31 Fontinst v1.933 font definitions for OT1/ma
thkerncmss.
)
LaTeX Font Info:    Trying to load font information for U+lasy on input line 16
1.

("C:\Program Files\MiKTeX 2.9\tex/latex/base\ulasy.fd"
File: ulasy.fd 1998/08/17 v2.2e LaTeX symbol font definitions
) [4

] [5

] [6

] [7

]
[8

]

LaTeX Warning: Reference `anim@abspage0' on page 9 undefined on input line 201.



! Package animate Error: None of the files
(animate)                `exem-moedas1.eps',
(animate)                `exem-moedas1.mps' or
(animate)                `exem-moedas1.ps'
(animate)                could be found.
(animate)                Wrong file type? Mis-spelled file name?.

See the animate package documentation for explanation.
Type  H <return>  for immediate help.
 ...                                              
                                                  
l.201 \end{frame}
                 
This error message was generated by an \errmessage
command, so I can't give any explicit help.
Pretend that you're Hercule Poirot: Examine all clues,
and deduce the truth by order and method.


! LaTeX Error: Cannot determine size of graphic in translator-theorem-dictionar
y-English.dict (no BoundingBox).

See the LaTeX manual or LaTeX Companion for explanation.
Type  H <return>  for immediate help.
 ...                                              
                                                  
l.201 \end{frame}
                 
Try typing  <return>  to proceed.
If that doesn't work, type  X <return>  to quit.

File: translator-theorem-dictionary-English.dict Graphic file (type eps)
<translator-theorem-dictionary-English.dict> <a0,fr0>

! Package animate Error: None of the files
(animate)                `exem-moedas2.eps',
(animate)                `exem-moedas2.mps' or
(animate)                `exem-moedas2.ps'
(animate)                could be found.
(animate)                Wrong file type? Mis-spelled file name?.

See the animate package documentation for explanation.
Type  H <return>  for immediate help.
 ...                                              
                                                  
l.201 \end{frame}
                 
(That was another \errmessage.)

<a0,fr1>

! Package animate Error: None of the files
(animate)                `exem-moedas3.eps',
(animate)                `exem-moedas3.mps' or
(animate)                `exem-moedas3.ps'
(animate)                could be found.
(animate)                Wrong file type? Mis-spelled file name?.

See the animate package documentation for explanation.
Type  H <return>  for immediate help.
 ...                                              
                                                  
l.201 \end{frame}
                 
(That was another \errmessage.)

<a0,fr2>

! Package animate Error: None of the files
(animate)                `exem-moedas4.eps',
(animate)                `exem-moedas4.mps' or
(animate)                `exem-moedas4.ps'
(animate)                could be found.
(animate)                Wrong file type? Mis-spelled file name?.

See the animate package documentation for explanation.
Type  H <return>  for immediate help.
 ...                                              
                                                  
l.201 \end{frame}
                 
(That was another \errmessage.)

<a0,fr3>

! Package animate Error: None of the files
(animate)                `exem-moedas5.eps',
(animate)                `exem-moedas5.mps' or
(animate)                `exem-moedas5.ps'
(animate)                could be found.
(animate)                Wrong file type? Mis-spelled file name?.

See the animate package documentation for explanation.
Type  H <return>  for immediate help.
 ...                                              
                                                  
l.201 \end{frame}
                 
(That was another \errmessage.)

<a0,fr4>

! Package animate Error: None of the files
(animate)                `exem-moedas6.eps',
(animate)                `exem-moedas6.mps' or
(animate)                `exem-moedas6.ps'
(animate)                could be found.
(animate)                Wrong file type? Mis-spelled file name?.

See the animate package documentation for explanation.
Type  H <return>  for immediate help.
 ...                                              
                                                  
l.201 \end{frame}
                 
(That was another \errmessage.)

<a0,fr5>

! Package animate Error: None of the files
(animate)                `exem-moedas7.eps',
(animate)                `exem-moedas7.mps' or
(animate)                `exem-moedas7.ps'
(animate)                could be found.
(animate)                Wrong file type? Mis-spelled file name?.

See the animate package documentation for explanation.
Type  H <return>  for immediate help.
 ...                                              
                                                  
l.201 \end{frame}
                 
(That was another \errmessage.)

<a0,fr6>

! Package animate Error: None of the files
(animate)                `exem-moedas8.eps',
(animate)                `exem-moedas8.mps' or
(animate)                `exem-moedas8.ps'
(animate)                could be found.
(animate)                Wrong file type? Mis-spelled file name?.

See the animate package documentation for explanation.
Type  H <return>  for immediate help.
 ...                                              
                                                  
l.201 \end{frame}
                 
(That was another \errmessage.)

<a0,fr7>

! Package animate Error: None of the files
(animate)                `exem-moedas9.eps',
(animate)                `exem-moedas9.mps' or
(animate)                `exem-moedas9.ps'
(animate)                could be found.
(animate)                Wrong file type? Mis-spelled file name?.

See the animate package documentation for explanation.
Type  H <return>  for immediate help.
 ...                                              
                                                  
l.201 \end{frame}
                 
(That was another \errmessage.)

<a0,fr8>

! Package animate Error: None of the files
(animate)                `exem-moedas10.eps',
(animate)                `exem-moedas10.mps' or
(animate)                `exem-moedas10.ps'
(animate)                could be found.
(animate)                Wrong file type? Mis-spelled file name?.

See the animate package documentation for explanation.
Type  H <return>  for immediate help.
 ...                                              
                                                  
l.201 \end{frame}
                 
(That was another \errmessage.)

<a0,fr9>

! Package animate Error: None of the files
(animate)                `exem-moedas11.eps',
(animate)                `exem-moedas11.mps' or
(animate)                `exem-moedas11.ps'
(animate)                could be found.
(animate)                Wrong file type? Mis-spelled file name?.

See the animate package documentation for explanation.
Type  H <return>  for immediate help.
 ...                                              
                                                  
l.201 \end{frame}
                 
(That was another \errmessage.)

<a0,fr10>

! Package animate Error: None of the files
(animate)                `exem-moedas12.eps',
(animate)                `exem-moedas12.mps' or
(animate)                `exem-moedas12.ps'
(animate)                could be found.
(animate)                Wrong file type? Mis-spelled file name?.

See the animate package documentation for explanation.
Type  H <return>  for immediate help.
 ...                                              
                                                  
l.201 \end{frame}
                 
(That was another \errmessage.)

<a0,fr11>

! Package animate Error: None of the files
(animate)                `exem-moedas13.eps',
(animate)                `exem-moedas13.mps' or
(animate)                `exem-moedas13.ps'
(animate)                could be found.
(animate)                Wrong file type? Mis-spelled file name?.

See the animate package documentation for explanation.
Type  H <return>  for immediate help.
 ...                                              
                                                  
l.201 \end{frame}
                 
(That was another \errmessage.)

<a0,fr12>

! Package animate Error: None of the files
(animate)                `exem-moedas14.eps',
(animate)                `exem-moedas14.mps' or
(animate)                `exem-moedas14.ps'
(animate)                could be found.
(animate)                Wrong file type? Mis-spelled file name?.

See the animate package documentation for explanation.
Type  H <return>  for immediate help.
 ...                                              
                                                  
l.201 \end{frame}
                 
(That was another \errmessage.)

<a0,fr13>

! Package animate Error: None of the files
(animate)                `exem-moedas15.eps',
(animate)                `exem-moedas15.mps' or
(animate)                `exem-moedas15.ps'
(animate)                could be found.
(animate)                Wrong file type? Mis-spelled file name?.

See the animate package documentation for explanation.
Type  H <return>  for immediate help.
 ...                                              
                                                  
l.201 \end{frame}
                 
(That was another \errmessage.)

<a0,fr14>

! Package animate Error: None of the files
(animate)                `exem-moedas16.eps',
(animate)                `exem-moedas16.mps' or
(animate)                `exem-moedas16.ps'
(animate)                could be found.
(animate)                Wrong file type? Mis-spelled file name?.

See the animate package documentation for explanation.
Type  H <return>  for immediate help.
 ...                                              
                                                  
l.201 \end{frame}
                 
(That was another \errmessage.)

<a0,fr15>

! Package animate Error: None of the files
(animate)                `exem-moedas17.eps',
(animate)                `exem-moedas17.mps' or
(animate)                `exem-moedas17.ps'
(animate)                could be found.
(animate)                Wrong file type? Mis-spelled file name?.

See the animate package documentation for explanation.
Type  H <return>  for immediate help.
 ...                                              
                                                  
l.201 \end{frame}
                 
(That was another \errmessage.)

<a0,fr16>

! Package animate Error: None of the files
(animate)                `exem-moedas18.eps',
(animate)                `exem-moedas18.mps' or
(animate)                `exem-moedas18.ps'
(animate)                could be found.
(animate)                Wrong file type? Mis-spelled file name?.

See the animate package documentation for explanation.
Type  H <return>  for immediate help.
 ...                                              
                                                  
l.201 \end{frame}
                 
(That was another \errmessage.)

<a0,fr17>

! Package animate Error: None of the files
(animate)                `exem-moedas19.eps',
(animate)                `exem-moedas19.mps' or
(animate)                `exem-moedas19.ps'
(animate)                could be found.
(animate)                Wrong file type? Mis-spelled file name?.

See the animate package documentation for explanation.
Type  H <return>  for immediate help.
 ...                                              
                                                  
l.201 \end{frame}
                 
(That was another \errmessage.)

<a0,fr18>

! Package animate Error: None of the files
(animate)                `exem-moedas20.eps',
(animate)                `exem-moedas20.mps' or
(animate)                `exem-moedas20.ps'
(animate)                could be found.
(animate)                Wrong file type? Mis-spelled file name?.

See the animate package documentation for explanation.
Type  H <return>  for immediate help.
 ...                                              
                                                  
l.201 \end{frame}
                 
(That was another \errmessage.)

<a0,fr19>
Overfull \vbox (136.38007pt too high) detected at line 201
 []

[9

] [10

]

LaTeX Warning: Reference `anim@abspage1' on page 11 undefined on input line 235
.


! Package animate Error: None of the files
(animate)                `fpfdp1.eps',
(animate)                `fpfdp1.mps' or
(animate)                `fpfdp1.ps'
(animate)                could be found.
(animate)                Wrong file type? Mis-spelled file name?.

See the animate package documentation for explanation.
Type  H <return>  for immediate help.
 ...                                              
                                                  
l.235 \end{frame}
                 
(That was another \errmessage.)

<a1,fr0>

! Package animate Error: None of the files
(animate)                `fpfdp2.eps',
(animate)                `fpfdp2.mps' or
(animate)                `fpfdp2.ps'
(animate)                could be found.
(animate)                Wrong file type? Mis-spelled file name?.

See the animate package documentation for explanation.
Type  H <return>  for immediate help.
 ...                                              
                                                  
l.235 \end{frame}
                 
(That was another \errmessage.)

<a1,fr1>

! Package animate Error: None of the files
(animate)                `fpfdp3.eps',
(animate)                `fpfdp3.mps' or
(animate)                `fpfdp3.ps'
(animate)                could be found.
(animate)                Wrong file type? Mis-spelled file name?.

See the animate package documentation for explanation.
Type  H <return>  for immediate help.
 ...                                              
                                                  
l.235 \end{frame}
                 
(That was another \errmessage.)

<a1,fr2>

! Package animate Error: None of the files
(animate)                `fpfdp4.eps',
(animate)                `fpfdp4.mps' or
(animate)                `fpfdp4.ps'
(animate)                could be found.
(animate)                Wrong file type? Mis-spelled file name?.

See the animate package documentation for explanation.
Type  H <return>  for immediate help.
 ...                                              
                                                  
l.235 \end{frame}
                 
(That was another \errmessage.)

<a1,fr3>

! Package animate Error: None of the files
(animate)                `fpfdp5.eps',
(animate)                `fpfdp5.mps' or
(animate)                `fpfdp5.ps'
(animate)                could be found.
(animate)                Wrong file type? Mis-spelled file name?.

See the animate package documentation for explanation.
Type  H <return>  for immediate help.
 ...                                              
                                                  
l.235 \end{frame}
                 
(That was another \errmessage.)

<a1,fr4>
Overfull \vbox (93.45142pt too high) detected at line 235
 []

[11

]

LaTeX Warning: Reference `anim@abspage2' on page 12 undefined on input line 244
.


! Package animate Error: None of the files
(animate)                `binom1.eps',
(animate)                `binom1.mps' or
(animate)                `binom1.ps'
(animate)                could be found.
(animate)                Wrong file type? Mis-spelled file name?.

See the animate package documentation for explanation.
Type  H <return>  for immediate help.
 ...                                              
                                                  
l.244   \end{frame}
                   
(That was another \errmessage.)

<a2,fr0>

! Package animate Error: None of the files
(animate)                `binom2.eps',
(animate)                `binom2.mps' or
(animate)                `binom2.ps'
(animate)                could be found.
(animate)                Wrong file type? Mis-spelled file name?.

See the animate package documentation for explanation.
Type  H <return>  for immediate help.
 ...                                              
                                                  
l.244   \end{frame}
                   
(That was another \errmessage.)

<a2,fr1>

! Package animate Error: None of the files
(animate)                `binom3.eps',
(animate)                `binom3.mps' or
(animate)                `binom3.ps'
(animate)                could be found.
(animate)                Wrong file type? Mis-spelled file name?.

See the animate package documentation for explanation.
Type  H <return>  for immediate help.
 ...                                              
                                                  
l.244   \end{frame}
                   
(That was another \errmessage.)

<a2,fr2>

! Package animate Error: None of the files
(animate)                `binom4.eps',
(animate)                `binom4.mps' or
(animate)                `binom4.ps'
(animate)                could be found.
(animate)                Wrong file type? Mis-spelled file name?.

See the animate package documentation for explanation.
Type  H <return>  for immediate help.
 ...                                              
                                                  
l.244   \end{frame}
                   
(That was another \errmessage.)

<a2,fr3>

! Package animate Error: None of the files
(animate)                `binom5.eps',
(animate)                `binom5.mps' or
(animate)                `binom5.ps'
(animate)                could be found.
(animate)                Wrong file type? Mis-spelled file name?.

See the animate package documentation for explanation.
Type  H <return>  for immediate help.
 ...                                              
                                                  
l.244   \end{frame}
                   
(That was another \errmessage.)

<a2,fr4>

! Package animate Error: None of the files
(animate)                `binom6.eps',
(animate)                `binom6.mps' or
(animate)                `binom6.ps'
(animate)                could be found.
(animate)                Wrong file type? Mis-spelled file name?.

See the animate package documentation for explanation.
Type  H <return>  for immediate help.
 ...                                              
                                                  
l.244   \end{frame}
                   
(That was another \errmessage.)

<a2,fr5>

! Package animate Error: None of the files
(animate)                `binom7.eps',
(animate)                `binom7.mps' or
(animate)                `binom7.ps'
(animate)                could be found.
(animate)                Wrong file type? Mis-spelled file name?.

See the animate package documentation for explanation.
Type  H <return>  for immediate help.
 ...                                              
                                                  
l.244   \end{frame}
                   
(That was another \errmessage.)

<a2,fr6>

! Package animate Error: None of the files
(animate)                `binom8.eps',
(animate)                `binom8.mps' or
(animate)                `binom8.ps'
(animate)                could be found.
(animate)                Wrong file type? Mis-spelled file name?.

See the animate package documentation for explanation.
Type  H <return>  for immediate help.
 ...                                              
                                                  
l.244   \end{frame}
                   
(That was another \errmessage.)

<a2,fr7>

! Package animate Error: None of the files
(animate)                `binom9.eps',
(animate)                `binom9.mps' or
(animate)                `binom9.ps'
(animate)                could be found.
(animate)                Wrong file type? Mis-spelled file name?.

See the animate package documentation for explanation.
Type  H <return>  for immediate help.
 ...                                              
                                                  
l.244   \end{frame}
                   
(That was another \errmessage.)

<a2,fr8>

! Package animate Error: None of the files
(animate)                `binom10.eps',
(animate)                `binom10.mps' or
(animate)                `binom10.ps'
(animate)                could be found.
(animate)                Wrong file type? Mis-spelled file name?.

See the animate package documentation for explanation.
Type  H <return>  for immediate help.
 ...                                              
                                                  
l.244   \end{frame}
                   
(That was another \errmessage.)

<a2,fr9>

! Package animate Error: None of the files
(animate)                `binom11.eps',
(animate)                `binom11.mps' or
(animate)                `binom11.ps'
(animate)                could be found.
(animate)                Wrong file type? Mis-spelled file name?.

See the animate package documentation for explanation.
Type  H <return>  for immediate help.
 ...                                              
                                                  
l.244   \end{frame}
                   
(That was another \errmessage.)

<a2,fr10>

! Package animate Error: None of the files
(animate)                `binom12.eps',
(animate)                `binom12.mps' or
(animate)                `binom12.ps'
(animate)                could be found.
(animate)                Wrong file type? Mis-spelled file name?.

See the animate package documentation for explanation.
Type  H <return>  for immediate help.
 ...                                              
                                                  
l.244   \end{frame}
                   
(That was another \errmessage.)

<a2,fr11>

! Package animate Error: None of the files
(animate)                `binom13.eps',
(animate)                `binom13.mps' or
(animate)                `binom13.ps'
(animate)                could be found.
(animate)                Wrong file type? Mis-spelled file name?.

See the animate package documentation for explanation.
Type  H <return>  for immediate help.
 ...                                              
                                                  
l.244   \end{frame}
                   
(That was another \errmessage.)

<a2,fr12>

! Package animate Error: None of the files
(animate)                `binom14.eps',
(animate)                `binom14.mps' or
(animate)                `binom14.ps'
(animate)                could be found.
(animate)                Wrong file type? Mis-spelled file name?.

See the animate package documentation for explanation.
Type  H <return>  for immediate help.
 ...                                              
                                                  
l.244   \end{frame}
                   
(That was another \errmessage.)

<a2,fr13>

! Package animate Error: None of the files
(animate)                `binom15.eps',
(animate)                `binom15.mps' or
(animate)                `binom15.ps'
(animate)                could be found.
(animate)                Wrong file type? Mis-spelled file name?.

See the animate package documentation for explanation.
Type  H <return>  for immediate help.
 ...                                              
                                                  
l.244   \end{frame}
                   
(That was another \errmessage.)

<a2,fr14>

! Package animate Error: None of the files
(animate)                `binom16.eps',
(animate)                `binom16.mps' or
(animate)                `binom16.ps'
(animate)                could be found.
(animate)                Wrong file type? Mis-spelled file name?.

See the animate package documentation for explanation.
Type  H <return>  for immediate help.
 ...                                              
                                                  
l.244   \end{frame}
                   
(That was another \errmessage.)

<a2,fr15>

! Package animate Error: None of the files
(animate)                `binom17.eps',
(animate)                `binom17.mps' or
(animate)                `binom17.ps'
(animate)                could be found.
(animate)                Wrong file type? Mis-spelled file name?.

See the animate package documentation for explanation.
Type  H <return>  for immediate help.
 ...                                              
                                                  
l.244   \end{frame}
                   
(That was another \errmessage.)

<a2,fr16>

! Package animate Error: None of the files
(animate)                `binom18.eps',
(animate)                `binom18.mps' or
(animate)                `binom18.ps'
(animate)                could be found.
(animate)                Wrong file type? Mis-spelled file name?.

See the animate package documentation for explanation.
Type  H <return>  for immediate help.
 ...                                              
                                                  
l.244   \end{frame}
                   
(That was another \errmessage.)

<a2,fr17>
Overfull \vbox (93.45142pt too high) detected at line 244
 []

[12

]

LaTeX Warning: Reference `eq:distbinomial' on page 13 undefined on input line 2
58.

[13

]

LaTeX Warning: Reference `anim@abspage3' on page 14 undefined on input line 266
.


! Package animate Error: None of the files
(animate)                `circint01.eps',
(animate)                `circint01.mps' or
(animate)                `circint01.ps'
(animate)                could be found.
(animate)                Wrong file type? Mis-spelled file name?.

See the animate package documentation for explanation.
Type  H <return>  for immediate help.
 ...                                              
                                                  
l.266   \end{frame}
                   
(That was another \errmessage.)

<a3,fr0>

! Package animate Error: None of the files
(animate)                `circint02.eps',
(animate)                `circint02.mps' or
(animate)                `circint02.ps'
(animate)                could be found.
(animate)                Wrong file type? Mis-spelled file name?.

See the animate package documentation for explanation.
Type  H <return>  for immediate help.
 ...                                              
                                                  
l.266   \end{frame}
                   
(That was another \errmessage.)

<a3,fr1>

! Package animate Error: None of the files
(animate)                `circint03.eps',
(animate)                `circint03.mps' or
(animate)                `circint03.ps'
(animate)                could be found.
(animate)                Wrong file type? Mis-spelled file name?.

See the animate package documentation for explanation.
Type  H <return>  for immediate help.
 ...                                              
                                                  
l.266   \end{frame}
                   
(That was another \errmessage.)

<a3,fr2>

! Package animate Error: None of the files
(animate)                `circint04.eps',
(animate)                `circint04.mps' or
(animate)                `circint04.ps'
(animate)                could be found.
(animate)                Wrong file type? Mis-spelled file name?.

See the animate package documentation for explanation.
Type  H <return>  for immediate help.
 ...                                              
                                                  
l.266   \end{frame}
                   
(That was another \errmessage.)

<a3,fr3>

! Package animate Error: None of the files
(animate)                `circint05.eps',
(animate)                `circint05.mps' or
(animate)                `circint05.ps'
(animate)                could be found.
(animate)                Wrong file type? Mis-spelled file name?.

See the animate package documentation for explanation.
Type  H <return>  for immediate help.
 ...                                              
                                                  
l.266   \end{frame}
                   
(That was another \errmessage.)

<a3,fr4>

! Package animate Error: None of the files
(animate)                `circint06.eps',
(animate)                `circint06.mps' or
(animate)                `circint06.ps'
(animate)                could be found.
(animate)                Wrong file type? Mis-spelled file name?.

See the animate package documentation for explanation.
Type  H <return>  for immediate help.
 ...                                              
                                                  
l.266   \end{frame}
                   
(That was another \errmessage.)

<a3,fr5>

! Package animate Error: None of the files
(animate)                `circint07.eps',
(animate)                `circint07.mps' or
(animate)                `circint07.ps'
(animate)                could be found.
(animate)                Wrong file type? Mis-spelled file name?.

See the animate package documentation for explanation.
Type  H <return>  for immediate help.
 ...                                              
                                                  
l.266   \end{frame}
                   
(That was another \errmessage.)

<a3,fr6>

! Package animate Error: None of the files
(animate)                `circint08.eps',
(animate)                `circint08.mps' or
(animate)                `circint08.ps'
(animate)                could be found.
(animate)                Wrong file type? Mis-spelled file name?.

See the animate package documentation for explanation.
Type  H <return>  for immediate help.
 ...                                              
                                                  
l.266   \end{frame}
                   
(That was another \errmessage.)

<a3,fr7>
Overfull \vbox (51.4999pt too high) detected at line 266
 []

[14

] [15

] [16

]

LaTeX Warning: Reference `anim@abspage4' on page 17 undefined on input line 299
.


! Package animate Error: None of the files
(animate)                `poisson1.eps',
(animate)                `poisson1.mps' or
(animate)                `poisson1.ps'
(animate)                could be found.
(animate)                Wrong file type? Mis-spelled file name?.

See the animate package documentation for explanation.
Type  H <return>  for immediate help.
 ...                                              
                                                  
l.299   \end{frame}
                   
(That was another \errmessage.)

<a4,fr0>

! Package animate Error: None of the files
(animate)                `poisson2.eps',
(animate)                `poisson2.mps' or
(animate)                `poisson2.ps'
(animate)                could be found.
(animate)                Wrong file type? Mis-spelled file name?.

See the animate package documentation for explanation.
Type  H <return>  for immediate help.
 ...                                              
                                                  
l.299   \end{frame}
                   
(That was another \errmessage.)

<a4,fr1>

! Package animate Error: None of the files
(animate)                `poisson3.eps',
(animate)                `poisson3.mps' or
(animate)                `poisson3.ps'
(animate)                could be found.
(animate)                Wrong file type? Mis-spelled file name?.

See the animate package documentation for explanation.
Type  H <return>  for immediate help.
 ...                                              
                                                  
l.299   \end{frame}
                   
(That was another \errmessage.)

<a4,fr2>

! Package animate Error: None of the files
(animate)                `poisson4.eps',
(animate)                `poisson4.mps' or
(animate)                `poisson4.ps'
(animate)                could be found.
(animate)                Wrong file type? Mis-spelled file name?.

See the animate package documentation for explanation.
Type  H <return>  for immediate help.
 ...                                              
                                                  
l.299   \end{frame}
                   
(That was another \errmessage.)

<a4,fr3>

! Package animate Error: None of the files
(animate)                `poisson5.eps',
(animate)                `poisson5.mps' or
(animate)                `poisson5.ps'
(animate)                could be found.
(animate)                Wrong file type? Mis-spelled file name?.

See the animate package documentation for explanation.
Type  H <return>  for immediate help.
 ...                                              
                                                  
l.299   \end{frame}
                   
(That was another \errmessage.)

<a4,fr4>
Overfull \vbox (93.45142pt too high) detected at line 299
 []

[17

] [18

]

! LaTeX Error: File `fiocobre' not found.

See the LaTeX manual or LaTeX Companion for explanation.
Type  H <return>  for immediate help.
 ...                                              
                                                  
l.334   \end{frame}
                   
I could not locate the file with any of these extensions:
.eps,.ps,.eps.gz,.ps.gz,.eps.Z,.mps
Try typing  <return>  to proceed.
If that doesn't work, type  X <return>  to quit.

[19

]

! LaTeX Error: File `fiocobre' not found.

See the LaTeX manual or LaTeX Companion for explanation.
Type  H <return>  for immediate help.
 ...                                              
                                                  
l.334   \end{frame}
                   
I could not locate the file with any of these extensions:
.eps,.ps,.eps.gz,.ps.gz,.eps.Z,.mps
Try typing  <return>  to proceed.
If that doesn't work, type  X <return>  to quit.

[20

]

! LaTeX Error: File `fiocobre' not found.

See the LaTeX manual or LaTeX Companion for explanation.
Type  H <return>  for immediate help.
 ...                                              
                                                  
l.334   \end{frame}
                   
I could not locate the file with any of these extensions:
.eps,.ps,.eps.gz,.ps.gz,.eps.Z,.mps
Try typing  <return>  to proceed.
If that doesn't work, type  X <return>  to quit.

[21

]

! LaTeX Error: File `fiocobre' not found.

See the LaTeX manual or LaTeX Companion for explanation.
Type  H <return>  for immediate help.
 ...                                              
                                                  
l.334   \end{frame}
                   
I could not locate the file with any of these extensions:
.eps,.ps,.eps.gz,.ps.gz,.eps.Z,.mps
Try typing  <return>  to proceed.
If that doesn't work, type  X <return>  to quit.

[22

] [23

]

LaTeX Warning: Reference `anim@abspage5' on page 24 undefined on input line 361
.


! Package animate Error: None of the files
(animate)                `hipergeometrica1.eps',
(animate)                `hipergeometrica1.mps' or
(animate)                `hipergeometrica1.ps'
(animate)                could be found.
(animate)                Wrong file type? Mis-spelled file name?.

See the animate package documentation for explanation.
Type  H <return>  for immediate help.
 ...                                              
                                                  
l.361   \end{frame}
                   
(That was another \errmessage.)

<a5,fr0>

! Package animate Error: None of the files
(animate)                `hipergeometrica2.eps',
(animate)                `hipergeometrica2.mps' or
(animate)                `hipergeometrica2.ps'
(animate)                could be found.
(animate)                Wrong file type? Mis-spelled file name?.

See the animate package documentation for explanation.
Type  H <return>  for immediate help.
 ...                                              
                                                  
l.361   \end{frame}
                   
(That was another \errmessage.)

<a5,fr1>

! Package animate Error: None of the files
(animate)                `hipergeometrica3.eps',
(animate)                `hipergeometrica3.mps' or
(animate)                `hipergeometrica3.ps'
(animate)                could be found.
(animate)                Wrong file type? Mis-spelled file name?.

See the animate package documentation for explanation.
Type  H <return>  for immediate help.
 ...                                              
                                                  
l.361   \end{frame}
                   
(That was another \errmessage.)

<a5,fr2>

! Package animate Error: None of the files
(animate)                `hipergeometrica4.eps',
(animate)                `hipergeometrica4.mps' or
(animate)                `hipergeometrica4.ps'
(animate)                could be found.
(animate)                Wrong file type? Mis-spelled file name?.

See the animate package documentation for explanation.
Type  H <return>  for immediate help.
 ...                                              
                                                  
l.361   \end{frame}
                   
(That was another \errmessage.)

<a5,fr3>

! Package animate Error: None of the files
(animate)                `hipergeometrica5.eps',
(animate)                `hipergeometrica5.mps' or
(animate)                `hipergeometrica5.ps'
(animate)                could be found.
(animate)                Wrong file type? Mis-spelled file name?.

See the animate package documentation for explanation.
Type  H <return>  for immediate help.
 ...                                              
                                                  
l.361   \end{frame}
                   
(That was another \errmessage.)

<a5,fr4>

! Package animate Error: None of the files
(animate)                `hipergeometrica6.eps',
(animate)                `hipergeometrica6.mps' or
(animate)                `hipergeometrica6.ps'
(animate)                could be found.
(animate)                Wrong file type? Mis-spelled file name?.

See the animate package documentation for explanation.
Type  H <return>  for immediate help.
 ...                                              
                                                  
l.361   \end{frame}
                   
(That was another \errmessage.)

<a5,fr5>

! Package animate Error: None of the files
(animate)                `hipergeometrica7.eps',
(animate)                `hipergeometrica7.mps' or
(animate)                `hipergeometrica7.ps'
(animate)                could be found.
(animate)                Wrong file type? Mis-spelled file name?.

See the animate package documentation for explanation.
Type  H <return>  for immediate help.
 ...                                              
                                                  
l.361   \end{frame}
                   
(That was another \errmessage.)

<a5,fr6>

! Package animate Error: None of the files
(animate)                `hipergeometrica8.eps',
(animate)                `hipergeometrica8.mps' or
(animate)                `hipergeometrica8.ps'
(animate)                could be found.
(animate)                Wrong file type? Mis-spelled file name?.

See the animate package documentation for explanation.
Type  H <return>  for immediate help.
 ...                                              
                                                  
l.361   \end{frame}
                   
(That was another \errmessage.)

<a5,fr7>

! Package animate Error: None of the files
(animate)                `hipergeometrica9.eps',
(animate)                `hipergeometrica9.mps' or
(animate)                `hipergeometrica9.ps'
(animate)                could be found.
(animate)                Wrong file type? Mis-spelled file name?.

See the animate package documentation for explanation.
Type  H <return>  for immediate help.
 ...                                              
                                                  
l.361   \end{frame}
                   
(That was another \errmessage.)

<a5,fr8>
Overfull \vbox (93.45142pt too high) detected at line 361
 []

[24

]
Overfull \hbox (1.31546pt too wide) in alignment at lines 375--375
 [][][] []
 []

[25

]

LaTeX Warning: Reference `anim@abspage6' on page 26 undefined on input line 384
.


! Package animate Error: None of the files
(animate)                `megasena1.eps',
(animate)                `megasena1.mps' or
(animate)                `megasena1.ps'
(animate)                could be found.
(animate)                Wrong file type? Mis-spelled file name?.

See the animate package documentation for explanation.
Type  H <return>  for immediate help.
 ...                                              
                                                  
l.384   \end{frame}
                   
(That was another \errmessage.)


! LaTeX Error: Cannot determine size of graphic in smallsizepause.txt (no Bound
ingBox).

See the LaTeX manual or LaTeX Companion for explanation.
Type  H <return>  for immediate help.
 ...                                              
                                                  
l.384   \end{frame}
                   
Try typing  <return>  to proceed.
If that doesn't work, type  X <return>  to quit.

File: smallsizepause.txt Graphic file (type eps)
<smallsizepause.txt> <a6,fr0>

! Package animate Error: None of the files
(animate)                `megasena2.eps',
(animate)                `megasena2.mps' or
(animate)                `megasena2.ps'
(animate)                could be found.
(animate)                Wrong file type? Mis-spelled file name?.

See the animate package documentation for explanation.
Type  H <return>  for immediate help.
 ...                                              
                                                  
l.384   \end{frame}
                   
(That was another \errmessage.)

<a6,fr1>

! Package animate Error: None of the files
(animate)                `megasena3.eps',
(animate)                `megasena3.mps' or
(animate)                `megasena3.ps'
(animate)                could be found.
(animate)                Wrong file type? Mis-spelled file name?.

See the animate package documentation for explanation.
Type  H <return>  for immediate help.
 ...                                              
                                                  
l.384   \end{frame}
                   
(That was another \errmessage.)

<a6,fr2>

! Package animate Error: None of the files
(animate)                `megasena4.eps',
(animate)                `megasena4.mps' or
(animate)                `megasena4.ps'
(animate)                could be found.
(animate)                Wrong file type? Mis-spelled file name?.

See the animate package documentation for explanation.
Type  H <return>  for immediate help.
 ...                                              
                                                  
l.384   \end{frame}
                   
(That was another \errmessage.)

<a6,fr3>

! Package animate Error: None of the files
(animate)                `megasena5.eps',
(animate)                `megasena5.mps' or
(animate)                `megasena5.ps'
(animate)                could be found.
(animate)                Wrong file type? Mis-spelled file name?.

See the animate package documentation for explanation.
Type  H <return>  for immediate help.
 ...                                              
                                                  
l.384   \end{frame}
                   
(That was another \errmessage.)

<a6,fr4>

! Package animate Error: None of the files
(animate)                `megasena6.eps',
(animate)                `megasena6.mps' or
(animate)                `megasena6.ps'
(animate)                could be found.
(animate)                Wrong file type? Mis-spelled file name?.

See the animate package documentation for explanation.
Type  H <return>  for immediate help.
 ...                                              
                                                  
l.384   \end{frame}
                   
(That was another \errmessage.)

<a6,fr5>

! Package animate Error: None of the files
(animate)                `megasena7.eps',
(animate)                `megasena7.mps' or
(animate)                `megasena7.ps'
(animate)                could be found.
(animate)                Wrong file type? Mis-spelled file name?.

See the animate package documentation for explanation.
Type  H <return>  for immediate help.
 ...                                              
                                                  
l.384   \end{frame}
                   
(That was another \errmessage.)

<a6,fr6>

! Package animate Error: None of the files
(animate)                `megasena8.eps',
(animate)                `megasena8.mps' or
(animate)                `megasena8.ps'
(animate)                could be found.
(animate)                Wrong file type? Mis-spelled file name?.

See the animate package documentation for explanation.
Type  H <return>  for immediate help.
 ...                                              
                                                  
l.384   \end{frame}
                   
(That was another \errmessage.)

<a6,fr7>

! Package animate Error: None of the files
(animate)                `megasena9.eps',
(animate)                `megasena9.mps' or
(animate)                `megasena9.ps'
(animate)                could be found.
(animate)                Wrong file type? Mis-spelled file name?.

See the animate package documentation for explanation.
Type  H <return>  for immediate help.
 ...                                              
                                                  
l.384   \end{frame}
                   
(That was another \errmessage.)

<a6,fr8>

! Package animate Error: None of the files
(animate)                `megasena10.eps',
(animate)                `megasena10.mps' or
(animate)                `megasena10.ps'
(animate)                could be found.
(animate)                Wrong file type? Mis-spelled file name?.

See the animate package documentation for explanation.
Type  H <return>  for immediate help.
 ...                                              
                                                  
l.384   \end{frame}
                   
(That was another \errmessage.)

<a6,fr9>

! Package animate Error: None of the files
(animate)                `megasena11.eps',
(animate)                `megasena11.mps' or
(animate)                `megasena11.ps'
(animate)                could be found.
(animate)                Wrong file type? Mis-spelled file name?.

See the animate package documentation for explanation.
Type  H <return>  for immediate help.
 ...                                              
                                                  
l.384   \end{frame}
                   
(That was another \errmessage.)

<a6,fr10>

! Package animate Error: None of the files
(animate)                `megasena12.eps',
(animate)                `megasena12.mps' or
(animate)                `megasena12.ps'
(animate)                could be found.
(animate)                Wrong file type? Mis-spelled file name?.

See the animate package documentation for explanation.
Type  H <return>  for immediate help.
 ...                                              
                                                  
l.384   \end{frame}
                   
(That was another \errmessage.)

<a6,fr11>

! Package animate Error: None of the files
(animate)                `megasena13.eps',
(animate)                `megasena13.mps' or
(animate)                `megasena13.ps'
(animate)                could be found.
(animate)                Wrong file type? Mis-spelled file name?.

See the animate package documentation for explanation.
Type  H <return>  for immediate help.
 ...                                              
                                                  
l.384   \end{frame}
                   
(That was another \errmessage.)

<a6,fr12>

! Package animate Error: None of the files
(animate)                `megasena14.eps',
(animate)                `megasena14.mps' or
(animate)                `megasena14.ps'
(animate)                could be found.
(animate)                Wrong file type? Mis-spelled file name?.

See the animate package documentation for explanation.
Type  H <return>  for immediate help.
 ...                                              
                                                  
l.384   \end{frame}
                   
(That was another \errmessage.)

<a6,fr13> <building timeline a6 from file `smallsizepause.txt': . . . . . . .
. . . . . . . . . 16 frames built >
Overfull \vbox (69.4999pt too high) detected at line 384
 []

[26

] [27

]
\tf@nav=\write6
\openout6 = `slide(ponto1).nav'.

\tf@toc=\write7
\openout7 = `slide(ponto1).toc'.

\tf@snm=\write8
\openout8 = `slide(ponto1).snm'.

Package atveryend Info: Empty hook `BeforeClearDocument' on input line 406.
Package atveryend Info: Empty hook `AfterLastShipout' on input line 406.
 (slide(ponto1).aux

Package pdfbase Warning: Rerun to get internal references right!

)
Package atveryend Info: Empty hook `AtVeryEndDocument' on input line 406.
Package atveryend Info: Executing hook `AtEndAfterFileList' on input line 406.


Package rerunfilecheck Warning: File `slide(ponto1).out' has changed.
(rerunfilecheck)                Rerun to get outlines right
(rerunfilecheck)                or use package `bookmark'.

Package rerunfilecheck Info: Checksums for `slide(ponto1).out':
(rerunfilecheck)             Before: D41D8CD98F00B204E9800998ECF8427E;0
(rerunfilecheck)             After:  8A1D730F1CDAC72DD4D33090B409B00F;248.

LaTeX Warning: There were undefined references.


LaTeX Warning: Label(s) may have changed. Rerun to get cross-references right.

 ) 
Here is how much of TeX's memory you used:
 21518 strings out of 481175
 402177 string characters out of 2912439
 821728 words of memory out of 3000000
 36479 multiletter control sequences out of 15000+200000
 557934 words of font info for 81 fonts, out of 3000000 for 9000
 1141 hyphenation exceptions out of 8191
 63i,18n,82p,782b,936s stack positions out of 5000i,500n,10000p,200000b,50000s

Output written on slide(ponto1).dvi (27 pages, 698616 bytes).
